[master cbc6291] auto: daily snapshot 2026-04-05
 1 file changed, 0 insertions(+), 0 deletions(-)
 create mode 100644 auto-commit.log
Committed changes.
No changes to commit.
No changes to commit.
No changes to commit.
No changes to commit.
No changes to commit.
No changes to commit.
[master 62d04be] auto: snapshot 2026-04-06
 1 file changed, 1 insertion(+)
Committed and pushed.
[master 051e608] auto: snapshot 2026-04-06
 1 file changed, 3 insertions(+)
Committed and pushed.
[master 54f4887] auto: snapshot 2026-04-06
 1 file changed, 3 insertions(+)
Committed and pushed.
[master 9570efe] auto: snapshot 2026-04-06
 2 files changed, 3 insertions(+)
 create mode 100644 morning-brief.log
Committed and pushed.
