/home/openclaw/lifeos/qa-check.sh: line 51: [: 0
0: integer expression expected
/home/openclaw/lifeos/qa-check.sh: line 99: [: 0
0: integer expression expected
QA alert sent: \n- Architecture: Git repo broken or missing
QA alert sent: \n- No conversation log for today (2026-04-07)\n- Procedure: Bot promised more saves than executed (9 claimed, 3 done)\n- Architecture: Git repo broken or missing\n- Cannot reach git remote — backup is not updating
QA alert sent: \n- Procedure: Bot discussed BF% but never read Body Scans tab\n- Procedure: Bot promised more saves than executed (4 claimed, 3 done)\n- Architecture: Git repo broken or missing\n- Cannot reach git remote — backup is not updating\n- memory.md owned by root (should be openclaw) — bot cannot write\n- Bot claimed 1 log/save actions but made 0 tool calls
QA alert sent: \n- No conversation log for today (2026-04-09)\n- Cannot reach git remote — backup is not updating
QA alert sent: \n- No conversation log for today (2026-04-10)\n- Cannot reach git remote — backup is not updating\n- memory.md owned by root (should be openclaw) — bot cannot write
QA alert sent: \n- No training logged for yesterday (2026-04-10, Friday)\n- Procedure: Bot discussed BF% but never read Body Scans tab\n- Cannot reach git remote — backup is not updating\n- memory.md owned by root (should be openclaw) — bot cannot write\n- Bot claimed 1 log/save actions but made 0 tool calls
QA alert sent: \n- No conversation log for today (2026-04-12)
/home/openclaw/lifeos/qa-check.sh: line 258: [: 0
0: integer expression expected
QA Check (2026-04-13): all clear
/home/openclaw/lifeos/qa-check.sh: line 193: [: 0
0: integer expression expected
/home/openclaw/lifeos/qa-check.sh: line 258: [: 0
0: integer expression expected
QA Check (2026-04-14) — 2 issue(s):
- No training logged for 2026-04-13
- Root-owned files found: /home/openclaw/lifeos/decisions.log /home/openclaw/lifeos/architecture.md /home/openclaw/lifeos/daily-audit-template.md /home/openclaw/lifeos/v2/router.py /home/openclaw/lifeos/v2/handlers/dates.py
QA Check (2026-04-15) — 1 issue(s):
- No training logged for 2026-04-14
QA Check (2026-04-16) — 1 issue(s):
- No training logged for 2026-04-15
QA Check (2026-04-17) — 1 issue(s):
- No training logged for 2026-04-16
QA Check (2026-04-18) — 1 issue(s):
- No training logged for 2026-04-17
QA Check (2026-04-19) — 1 issue(s):
- No training logged for 2026-04-18
