2026-04-18 10:00:01,732 INFO === Fitbit sync (v2/SQLite) starting for 2026-04-17 ===
2026-04-18 10:00:01,732 INFO Pulling body metrics for 2026-04-17
2026-04-18 10:00:02,349 INFO Body metrics written: {'action': 'log_weight', 'date': '2026-04-17', 'weight_lbs': 173.1, 'weight_kg': 78.5, 'bmi': 26.69}
2026-04-18 10:00:02,349 INFO Pulling sleep data for 2026-04-17
2026-04-18 10:00:03,158 INFO Pulling activity data for 2026-04-17
2026-04-18 10:00:03,291 INFO Refreshing access token...
2026-04-18 10:00:03,586 INFO Token refreshed successfully.
2026-04-18 10:00:06,080 INFO Recovery written: {'action': 'log_recovery', 'date': '2026-04-17', 'source': 'FITBIT'}
2026-04-18 10:00:06,080 INFO Pulling nutrition data for 2026-04-17
2026-04-18 10:00:07,663 INFO Nutrition written: {'action': 'log_nutrition', 'date': '2026-04-17', 'calories': 2163.0, 'protein_g': 228.0}
2026-04-18 10:00:07,663 INFO === Fitbit sync (v2/SQLite) complete ===
2026-04-18 10:00:07,663 INFO === Fitbit sync (v2/SQLite) starting for 2026-04-18 ===
2026-04-18 10:00:07,664 INFO Pulling body metrics for 2026-04-18
2026-04-18 10:00:08,066 INFO Body metrics written: {'action': 'log_weight', 'date': '2026-04-18', 'weight_lbs': 174.4, 'weight_kg': 79.1, 'bmi': 26.89}
2026-04-18 10:00:08,066 INFO Pulling sleep data for 2026-04-18
2026-04-18 10:00:08,394 INFO No sleep data for 2026-04-18
2026-04-18 10:00:08,395 INFO Pulling activity data for 2026-04-18
2026-04-18 10:00:11,198 INFO Recovery written: {'action': 'log_recovery', 'date': '2026-04-18', 'source': 'FITBIT'}
2026-04-18 10:00:11,198 INFO Pulling nutrition data for 2026-04-18
2026-04-18 10:00:11,643 INFO Nutrition written: {'action': 'log_nutrition', 'date': '2026-04-18', 'calories': 1225.0, 'protein_g': 155.0}
2026-04-18 10:00:11,644 INFO === Fitbit sync (v2/SQLite) complete ===
2026-04-19 10:00:02,796 INFO === Fitbit sync (v2/SQLite) starting for 2026-04-18 ===
2026-04-19 10:00:02,796 INFO Pulling body metrics for 2026-04-18
2026-04-19 10:00:03,232 INFO Refreshing access token...
2026-04-19 10:00:03,519 INFO Token refreshed successfully.
2026-04-19 10:00:03,798 INFO Body metrics written: {'action': 'log_weight', 'date': '2026-04-18', 'weight_lbs': 174.4, 'weight_kg': 79.1, 'bmi': 26.89}
2026-04-19 10:00:03,799 INFO Pulling sleep data for 2026-04-18
2026-04-19 10:00:04,025 INFO Refreshing access token...
2026-04-19 10:00:04,285 INFO Token refreshed successfully.
2026-04-19 10:00:04,853 INFO No sleep data for 2026-04-18
2026-04-19 10:00:04,853 INFO Pulling activity data for 2026-04-18
2026-04-19 10:00:04,950 INFO Refreshing access token...
2026-04-19 10:00:05,140 INFO Token refreshed successfully.
2026-04-19 10:00:07,172 INFO Refreshing access token...
2026-04-19 10:00:07,355 INFO Token refreshed successfully.
2026-04-19 10:00:07,735 INFO Recovery written: {'action': 'log_recovery', 'date': '2026-04-18', 'source': 'FITBIT'}
2026-04-19 10:00:07,735 INFO Pulling nutrition data for 2026-04-18
2026-04-19 10:00:07,863 INFO Refreshing access token...
2026-04-19 10:00:08,057 INFO Token refreshed successfully.
2026-04-19 10:00:08,357 INFO Nutrition written: {'action': 'log_nutrition', 'date': '2026-04-18', 'calories': 2474.0, 'protein_g': 187.0}
2026-04-19 10:00:08,357 INFO === Fitbit sync (v2/SQLite) complete ===
2026-04-19 10:00:08,357 INFO === Fitbit sync (v2/SQLite) starting for 2026-04-19 ===
2026-04-19 10:00:08,357 INFO Pulling body metrics for 2026-04-19
2026-04-19 10:00:08,467 INFO Refreshing access token...
2026-04-19 10:00:08,663 INFO Token refreshed successfully.
2026-04-19 10:00:09,347 INFO No weight data for 2026-04-19
2026-04-19 10:00:09,347 INFO Pulling sleep data for 2026-04-19
2026-04-19 10:00:09,444 INFO Refreshing access token...
2026-04-19 10:00:09,637 INFO Token refreshed successfully.
2026-04-19 10:00:10,044 INFO No sleep data for 2026-04-19
2026-04-19 10:00:10,044 INFO Pulling activity data for 2026-04-19
2026-04-19 10:00:10,155 INFO Refreshing access token...
2026-04-19 10:00:10,353 INFO Token refreshed successfully.
2026-04-19 10:00:12,111 INFO Refreshing access token...
2026-04-19 10:00:12,306 INFO Token refreshed successfully.
2026-04-19 10:00:13,243 INFO Recovery written: {'action': 'log_recovery', 'date': '2026-04-19', 'source': 'FITBIT'}
2026-04-19 10:00:13,243 INFO Pulling nutrition data for 2026-04-19
2026-04-19 10:00:13,361 INFO Refreshing access token...
2026-04-19 10:00:18,151 INFO Token refreshed successfully.
2026-04-19 10:00:18,444 INFO Nutrition written: {'action': 'log_nutrition', 'date': '2026-04-19', 'calories': 752.0, 'protein_g': 138.0}
2026-04-19 10:00:18,445 INFO === Fitbit sync (v2/SQLite) complete ===
2026-04-20 10:00:01,900 INFO === Fitbit sync (v2/SQLite) starting for 2026-04-19 ===
2026-04-20 10:00:01,900 INFO Pulling body metrics for 2026-04-19
2026-04-20 10:00:02,272 INFO Refreshing access token...
2026-04-20 10:00:02,539 INFO Token refreshed successfully.
2026-04-20 10:00:03,247 INFO Body metrics written: {'action': 'log_weight', 'date': '2026-04-19', 'weight_lbs': 175.9, 'weight_kg': 79.8, 'bmi': 27.12}
2026-04-20 10:00:03,248 INFO Pulling sleep data for 2026-04-19
2026-04-20 10:00:03,347 INFO Refreshing access token...
2026-04-20 10:00:03,549 INFO Token refreshed successfully.
2026-04-20 10:00:04,102 INFO No sleep data for 2026-04-19
2026-04-20 10:00:04,102 INFO Pulling activity data for 2026-04-19
2026-04-20 10:00:04,228 INFO Refreshing access token...
2026-04-20 10:00:04,414 INFO Token refreshed successfully.
2026-04-20 10:00:05,465 INFO Refreshing access token...
2026-04-20 10:00:05,660 INFO Token refreshed successfully.
2026-04-20 10:00:08,345 INFO Recovery written: {'action': 'log_recovery', 'date': '2026-04-19', 'source': 'FITBIT'}
2026-04-20 10:00:08,345 INFO Pulling nutrition data for 2026-04-19
2026-04-20 10:00:08,449 INFO Refreshing access token...
2026-04-20 10:00:08,715 INFO Token refreshed successfully.
2026-04-20 10:00:12,085 INFO Nutrition written: {'action': 'log_nutrition', 'date': '2026-04-19', 'calories': 1474.0, 'protein_g': 42.0}
2026-04-20 10:00:12,085 INFO === Fitbit sync (v2/SQLite) complete ===
2026-04-20 10:00:12,086 INFO === Fitbit sync (v2/SQLite) starting for 2026-04-20 ===
2026-04-20 10:00:12,086 INFO Pulling body metrics for 2026-04-20
2026-04-20 10:00:12,213 INFO Refreshing access token...
2026-04-20 10:00:12,511 INFO Token refreshed successfully.
2026-04-20 10:00:13,257 INFO Body metrics written: {'action': 'log_weight', 'date': '2026-04-20', 'weight_lbs': 176.4, 'weight_kg': 80.0, 'bmi': 27.2}
2026-04-20 10:00:13,258 INFO Pulling sleep data for 2026-04-20
2026-04-20 10:00:13,392 INFO Refreshing access token...
2026-04-20 10:00:13,589 INFO Token refreshed successfully.
2026-04-20 10:00:14,144 INFO No sleep data for 2026-04-20
2026-04-20 10:00:14,144 INFO Pulling activity data for 2026-04-20
2026-04-20 10:00:14,305 INFO Refreshing access token...
2026-04-20 10:00:14,482 INFO Token refreshed successfully.
2026-04-20 10:00:15,220 INFO Refreshing access token...
2026-04-20 10:00:15,399 INFO Token refreshed successfully.
2026-04-20 10:00:15,746 INFO Recovery written: {'action': 'log_recovery', 'date': '2026-04-20', 'source': 'FITBIT'}
2026-04-20 10:00:15,746 INFO Pulling nutrition data for 2026-04-20
2026-04-20 10:00:15,853 INFO Refreshing access token...
2026-04-20 10:00:16,057 INFO Token refreshed successfully.
2026-04-20 10:00:16,289 INFO No nutrition data for 2026-04-20
2026-04-20 10:00:16,289 INFO === Fitbit sync (v2/SQLite) complete ===
2026-04-21 10:00:01,686 INFO === Fitbit sync (v2/SQLite) starting for 2026-04-20 ===
2026-04-21 10:00:01,686 INFO Pulling body metrics for 2026-04-20
2026-04-21 10:00:02,424 INFO Refreshing access token...
2026-04-21 10:00:04,010 INFO Token refreshed successfully.
2026-04-21 10:00:04,384 INFO Body metrics written: {'action': 'log_weight', 'date': '2026-04-20', 'weight_lbs': 174.8, 'weight_kg': 79.3, 'bmi': 26.95}
2026-04-21 10:00:04,384 INFO Pulling sleep data for 2026-04-20
2026-04-21 10:00:04,539 INFO Refreshing access token...
2026-04-21 10:00:04,735 INFO Token refreshed successfully.
2026-04-21 10:00:05,463 INFO No sleep data for 2026-04-20
2026-04-21 10:00:05,463 INFO Pulling activity data for 2026-04-20
2026-04-21 10:00:05,582 INFO Refreshing access token...
2026-04-21 10:00:05,774 INFO Token refreshed successfully.
2026-04-21 10:00:07,592 INFO Refreshing access token...
2026-04-21 10:00:07,923 INFO Token refreshed successfully.
2026-04-21 10:00:08,482 INFO Recovery written: {'action': 'log_recovery', 'date': '2026-04-20', 'source': 'FITBIT'}
2026-04-21 10:00:08,482 INFO Pulling nutrition data for 2026-04-20
2026-04-21 10:00:08,589 INFO Refreshing access token...
2026-04-21 10:00:08,780 INFO Token refreshed successfully.
2026-04-21 10:00:09,308 INFO Nutrition written: {'action': 'log_nutrition', 'date': '2026-04-20', 'calories': 2825.0, 'protein_g': 146.0}
2026-04-21 10:00:09,309 INFO === Fitbit sync (v2/SQLite) complete ===
2026-04-21 10:00:09,309 INFO === Fitbit sync (v2/SQLite) starting for 2026-04-21 ===
2026-04-21 10:00:09,309 INFO Pulling body metrics for 2026-04-21
2026-04-21 10:00:09,411 INFO Refreshing access token...
2026-04-21 10:00:09,624 INFO Token refreshed successfully.
2026-04-21 10:00:09,831 ERROR Body metrics pull failed: HTTP Error 500: Internal Server Error
2026-04-21 10:00:09,832 INFO Pulling sleep data for 2026-04-21
2026-04-21 10:00:09,955 INFO Refreshing access token...
2026-04-21 10:00:10,147 INFO Token refreshed successfully.
2026-04-21 10:00:10,576 INFO No sleep data for 2026-04-21
2026-04-21 10:00:10,576 INFO Pulling activity data for 2026-04-21
2026-04-21 10:00:10,707 INFO Refreshing access token...
2026-04-21 10:00:10,888 INFO Token refreshed successfully.
2026-04-21 10:00:11,574 INFO Refreshing access token...
2026-04-21 10:00:11,804 INFO Token refreshed successfully.
2026-04-21 10:00:12,079 INFO Recovery written: {'action': 'log_recovery', 'date': '2026-04-21', 'source': 'FITBIT'}
2026-04-21 10:00:12,079 INFO Pulling nutrition data for 2026-04-21
2026-04-21 10:00:12,187 INFO Refreshing access token...
2026-04-21 10:00:12,388 INFO Token refreshed successfully.
2026-04-21 10:00:12,630 INFO Nutrition written: {'action': 'log_nutrition', 'date': '2026-04-21', 'calories': 400.0, 'protein_g': 3.0}
2026-04-21 10:00:12,630 INFO === Fitbit sync (v2/SQLite) complete ===
